14-Nov-2020 23:01:45.024 INFO [main] org.apache.catalina.startup.VersionLoggerListener.log 서버 버전 이름:        Apache Tomcat/9.0.39
14-Nov-2020 23:01:45.029 INFO [main] org.apache.catalina.startup.VersionLoggerListener.log Server 빌드 시각:          Oct 6 2020 14:11:46 UTC
14-Nov-2020 23:01:45.029 INFO [main] org.apache.catalina.startup.VersionLoggerListener.log Server 버전 번호:         9.0.39.0
14-Nov-2020 23:01:45.029 INFO [main] org.apache.catalina.startup.VersionLoggerListener.log 운영체제 이름:               Windows 10
14-Nov-2020 23:01:45.030 INFO [main] org.apache.catalina.startup.VersionLoggerListener.log 운영체제 버전:            10.0
14-Nov-2020 23:01:45.030 INFO [main] org.apache.catalina.startup.VersionLoggerListener.log 아키텍처:          amd64
14-Nov-2020 23:01:45.030 INFO [main] org.apache.catalina.startup.VersionLoggerListener.log 자바 홈:             C:\Program Files\Java\jdk-11.0.8
14-Nov-2020 23:01:45.030 INFO [main] org.apache.catalina.startup.VersionLoggerListener.log JVM 버전:           11.0.8+10-LTS
14-Nov-2020 23:01:45.030 INFO [main] org.apache.catalina.startup.VersionLoggerListener.log JVM 벤더:            Oracle Corporation
14-Nov-2020 23:01:45.031 INFO [main] org.apache.catalina.startup.VersionLoggerListener.log CATALINA_BASE:         C:\Users\hjsun\Desktop\LetsStudy\apache-tomcat-9.0.39
14-Nov-2020 23:01:45.031 INFO [main] org.apache.catalina.startup.VersionLoggerListener.log CATALINA_HOME:         C:\Users\hjsun\Desktop\LetsStudy\apache-tomcat-9.0.39
14-Nov-2020 23:01:45.042 INFO [main] org.apache.catalina.startup.VersionLoggerListener.log 명령 행 아규먼트: --add-opens=java.base/java.lang=ALL-UNNAMED
14-Nov-2020 23:01:45.043 INFO [main] org.apache.catalina.startup.VersionLoggerListener.log 명령 행 아규먼트: --add-opens=java.base/java.io=ALL-UNNAMED
14-Nov-2020 23:01:45.044 INFO [main] org.apache.catalina.startup.VersionLoggerListener.log 명령 행 아규먼트: --add-opens=java.rmi/sun.rmi.transport=ALL-UNNAMED
14-Nov-2020 23:01:45.045 INFO [main] org.apache.catalina.startup.VersionLoggerListener.log 명령 행 아규먼트: -Djava.util.logging.config.file=C:\Users\hjsun\Desktop\LetsStudy\apache-tomcat-9.0.39\conf\logging.properties
14-Nov-2020 23:01:45.046 INFO [main] org.apache.catalina.startup.VersionLoggerListener.log 명령 행 아규먼트: -Djava.util.logging.manager=org.apache.juli.ClassLoaderLogManager
14-Nov-2020 23:01:45.048 INFO [main] org.apache.catalina.startup.VersionLoggerListener.log 명령 행 아규먼트: -Djdk.tls.ephemeralDHKeySize=2048
14-Nov-2020 23:01:45.049 INFO [main] org.apache.catalina.startup.VersionLoggerListener.log 명령 행 아규먼트: -Djava.protocol.handler.pkgs=org.apache.catalina.webresources
14-Nov-2020 23:01:45.050 INFO [main] org.apache.catalina.startup.VersionLoggerListener.log 명령 행 아규먼트: -Dignore.endorsed.dirs=
14-Nov-2020 23:01:45.051 INFO [main] org.apache.catalina.startup.VersionLoggerListener.log 명령 행 아규먼트: -Dcatalina.base=C:\Users\hjsun\Desktop\LetsStudy\apache-tomcat-9.0.39
14-Nov-2020 23:01:45.052 INFO [main] org.apache.catalina.startup.VersionLoggerListener.log 명령 행 아규먼트: -Dcatalina.home=C:\Users\hjsun\Desktop\LetsStudy\apache-tomcat-9.0.39
14-Nov-2020 23:01:45.056 INFO [main] org.apache.catalina.startup.VersionLoggerListener.log 명령 행 아규먼트: -Djava.io.tmpdir=C:\Users\hjsun\Desktop\LetsStudy\apache-tomcat-9.0.39\temp
14-Nov-2020 23:01:45.063 INFO [main] org.apache.catalina.core.AprLifecycleListener.lifecycleEvent APR 버전 [1.7.0]을(를) 사용한, APR 기반 Apache Tomcat Native 라이브러리 [1.2.25]을(를) 로드했습니다.
14-Nov-2020 23:01:45.064 INFO [main] org.apache.catalina.core.AprLifecycleListener.lifecycleEvent APR 용량정보들: IPv6 [true], sendfile [true], accept filters [false], random [true].
14-Nov-2020 23:01:45.065 INFO [main] org.apache.catalina.core.AprLifecycleListener.lifecycleEvent APR/OpenSSL 설정: useAprConnector [false], useOpenSSL [true]
14-Nov-2020 23:01:45.078 INFO [main] org.apache.catalina.core.AprLifecycleListener.initializeSSL OpenSSL이 성공적으로 초기화되었습니다: [OpenSSL 1.1.1g  21 Apr 2020]
14-Nov-2020 23:01:45.303 INFO [main] org.apache.coyote.AbstractProtocol.init 프로토콜 핸들러 ["http-nio-8080"]을(를) 초기화합니다.
14-Nov-2020 23:01:45.454 INFO [main] org.apache.catalina.startup.Catalina.load [600] 밀리초 내에 서버가 초기화되었습니다.
14-Nov-2020 23:01:45.495 INFO [main] org.apache.catalina.core.StandardService.startInternal 서비스 [Catalina]을(를) 시작합니다.
14-Nov-2020 23:01:45.497 INFO [main] org.apache.catalina.core.StandardEngine.startInternal 서버 엔진을 시작합니다: [Apache Tomcat/9.0.39]
14-Nov-2020 23:01:45.506 INFO [main] org.apache.catalina.startup.HostConfig.deployDirectory 웹 애플리케이션 디렉토리 [C:\Users\hjsun\Desktop\LetsStudy\apache-tomcat-9.0.39\webapps\docs]을(를) 배치합니다.
14-Nov-2020 23:01:45.789 WARNING [main] org.apache.catalina.util.SessionIdGeneratorBase.createSecureRandom [SHA1PRNG] 알고리즘을 사용하여, 세션 ID를 생성하기 위한 SecureRandom 객체를 생성하는데, [105] 밀리초가 소요됐습니다.
14-Nov-2020 23:01:45.813 INFO [main] org.apache.catalina.startup.HostConfig.deployDirectory 웹 애플리케이션 디렉토리 [C:\Users\hjsun\Desktop\LetsStudy\apache-tomcat-9.0.39\webapps\docs]에 대한 배치가 [308] 밀리초에 완료되었습니다.
14-Nov-2020 23:01:45.814 INFO [main] org.apache.catalina.startup.HostConfig.deployDirectory 웹 애플리케이션 디렉토리 [C:\Users\hjsun\Desktop\LetsStudy\apache-tomcat-9.0.39\webapps\examples]을(를) 배치합니다.
14-Nov-2020 23:01:46.181 INFO [main] org.apache.catalina.startup.HostConfig.deployDirectory 웹 애플리케이션 디렉토리 [C:\Users\hjsun\Desktop\LetsStudy\apache-tomcat-9.0.39\webapps\examples]에 대한 배치가 [367] 밀리초에 완료되었습니다.
14-Nov-2020 23:01:46.183 INFO [main] org.apache.catalina.startup.HostConfig.deployDirectory 웹 애플리케이션 디렉토리 [C:\Users\hjsun\Desktop\LetsStudy\apache-tomcat-9.0.39\webapps\host-manager]을(를) 배치합니다.
14-Nov-2020 23:01:46.217 INFO [main] org.apache.catalina.startup.HostConfig.deployDirectory 웹 애플리케이션 디렉토리 [C:\Users\hjsun\Desktop\LetsStudy\apache-tomcat-9.0.39\webapps\host-manager]에 대한 배치가 [34] 밀리초에 완료되었습니다.
14-Nov-2020 23:01:46.219 INFO [main] org.apache.catalina.startup.HostConfig.deployDirectory 웹 애플리케이션 디렉토리 [C:\Users\hjsun\Desktop\LetsStudy\apache-tomcat-9.0.39\webapps\manager]을(를) 배치합니다.
14-Nov-2020 23:01:46.247 INFO [main] org.apache.catalina.startup.HostConfig.deployDirectory 웹 애플리케이션 디렉토리 [C:\Users\hjsun\Desktop\LetsStudy\apache-tomcat-9.0.39\webapps\manager]에 대한 배치가 [28] 밀리초에 완료되었습니다.
14-Nov-2020 23:01:46.248 INFO [main] org.apache.catalina.startup.HostConfig.deployDirectory 웹 애플리케이션 디렉토리 [C:\Users\hjsun\Desktop\LetsStudy\apache-tomcat-9.0.39\webapps\ROOT]을(를) 배치합니다.
14-Nov-2020 23:01:46.271 INFO [main] org.apache.catalina.startup.HostConfig.deployDirectory 웹 애플리케이션 디렉토리 [C:\Users\hjsun\Desktop\LetsStudy\apache-tomcat-9.0.39\webapps\ROOT]에 대한 배치가 [23] 밀리초에 완료되었습니다.
14-Nov-2020 23:01:46.273 INFO [main] org.apache.catalina.startup.HostConfig.deployDirectory 웹 애플리케이션 디렉토리 [C:\Users\hjsun\Desktop\LetsStudy\apache-tomcat-9.0.39\webapps\study]을(를) 배치합니다.
14-Nov-2020 23:01:46.554 WARNING [main] org.apache.catalina.startup.ContextConfig.validateSecurityRoles 보안 역할 이름 [webadmin]이(가), <security-role>에서 정의되지 않은 채로, <auth-constraint>에서 사용되었습니다.
14-Nov-2020 23:01:46.564 INFO [main] org.apache.jasper.servlet.TldScanner.scanJars 적어도 하나의 JAR가 TLD들을 찾기 위해 스캔되었으나 아무 것도 찾지 못했습니다. 스캔했으나 TLD가 없는 JAR들의 전체 목록을 보시려면, 로그 레벨을 디버그 레벨로 설정하십시오. 스캔 과정에서 불필요한 JAR들을 건너뛰면, 시스템 시작 시간과 JSP 컴파일 시간을 단축시킬 수 있습니다.
14-Nov-2020 23:01:46.568 INFO [main] org.apache.catalina.startup.HostConfig.deployDirectory 웹 애플리케이션 디렉토리 [C:\Users\hjsun\Desktop\LetsStudy\apache-tomcat-9.0.39\webapps\study]에 대한 배치가 [295] 밀리초에 완료되었습니다.
14-Nov-2020 23:01:46.574 INFO [main] org.apache.coyote.AbstractProtocol.start 프로토콜 핸들러 ["http-nio-8080"]을(를) 시작합니다.
14-Nov-2020 23:01:46.584 INFO [main] org.apache.catalina.startup.Catalina.start 서버가 [1127] 밀리초 내에 시작되었습니다.
14-Nov-2020 23:01:58.427 INFO [Thread-3] org.apache.coyote.AbstractProtocol.pause 프로토콜 핸들러 ["http-nio-8080"]을(를) 일시 정지 중
14-Nov-2020 23:01:58.534 INFO [Thread-3] org.apache.catalina.core.StandardService.stopInternal 서비스 [Catalina]을(를) 중지시킵니다.
14-Nov-2020 23:01:58.569 INFO [Thread-3] org.apache.coyote.AbstractProtocol.stop 프로토콜 핸들러 ["http-nio-8080"]을(를) 중지시킵니다.
14-Nov-2020 23:01:58.581 INFO [Thread-3] org.apache.coyote.AbstractProtocol.destroy 프로토콜 핸들러 ["http-nio-8080"]을(를) 소멸시킵니다.
14-Nov-2020 23:08:03.907 INFO [main] org.apache.catalina.startup.VersionLoggerListener.log 서버 버전 이름:        Apache Tomcat/9.0.39
14-Nov-2020 23:08:03.910 INFO [main] org.apache.catalina.startup.VersionLoggerListener.log Server 빌드 시각:          Oct 6 2020 14:11:46 UTC
14-Nov-2020 23:08:03.910 INFO [main] org.apache.catalina.startup.VersionLoggerListener.log Server 버전 번호:         9.0.39.0
14-Nov-2020 23:08:03.910 INFO [main] org.apache.catalina.startup.VersionLoggerListener.log 운영체제 이름:               Windows 10
14-Nov-2020 23:08:03.911 INFO [main] org.apache.catalina.startup.VersionLoggerListener.log 운영체제 버전:            10.0
14-Nov-2020 23:08:03.911 INFO [main] org.apache.catalina.startup.VersionLoggerListener.log 아키텍처:          amd64
14-Nov-2020 23:08:03.911 INFO [main] org.apache.catalina.startup.VersionLoggerListener.log 자바 홈:             C:\Program Files\Java\jdk-11.0.8
14-Nov-2020 23:08:03.911 INFO [main] org.apache.catalina.startup.VersionLoggerListener.log JVM 버전:           11.0.8+10-LTS
14-Nov-2020 23:08:03.912 INFO [main] org.apache.catalina.startup.VersionLoggerListener.log JVM 벤더:            Oracle Corporation
14-Nov-2020 23:08:03.912 INFO [main] org.apache.catalina.startup.VersionLoggerListener.log CATALINA_BASE:         C:\Users\hjsun\Desktop\LetsStudy\apache-tomcat-9.0.39
14-Nov-2020 23:08:03.912 INFO [main] org.apache.catalina.startup.VersionLoggerListener.log CATALINA_HOME:         C:\Users\hjsun\Desktop\LetsStudy\apache-tomcat-9.0.39
14-Nov-2020 23:08:03.919 INFO [main] org.apache.catalina.startup.VersionLoggerListener.log 명령 행 아규먼트: --add-opens=java.base/java.lang=ALL-UNNAMED
14-Nov-2020 23:08:03.921 INFO [main] org.apache.catalina.startup.VersionLoggerListener.log 명령 행 아규먼트: --add-opens=java.base/java.io=ALL-UNNAMED
14-Nov-2020 23:08:03.923 INFO [main] org.apache.catalina.startup.VersionLoggerListener.log 명령 행 아규먼트: --add-opens=java.rmi/sun.rmi.transport=ALL-UNNAMED
14-Nov-2020 23:08:03.924 INFO [main] org.apache.catalina.startup.VersionLoggerListener.log 명령 행 아규먼트: -Djava.util.logging.config.file=C:\Users\hjsun\Desktop\LetsStudy\apache-tomcat-9.0.39\conf\logging.properties
14-Nov-2020 23:08:03.925 INFO [main] org.apache.catalina.startup.VersionLoggerListener.log 명령 행 아규먼트: -Djava.util.logging.manager=org.apache.juli.ClassLoaderLogManager
14-Nov-2020 23:08:03.926 INFO [main] org.apache.catalina.startup.VersionLoggerListener.log 명령 행 아규먼트: -Djdk.tls.ephemeralDHKeySize=2048
14-Nov-2020 23:08:03.929 INFO [main] org.apache.catalina.startup.VersionLoggerListener.log 명령 행 아규먼트: -Djava.protocol.handler.pkgs=org.apache.catalina.webresources
14-Nov-2020 23:08:03.930 INFO [main] org.apache.catalina.startup.VersionLoggerListener.log 명령 행 아규먼트: -Dignore.endorsed.dirs=
14-Nov-2020 23:08:03.931 INFO [main] org.apache.catalina.startup.VersionLoggerListener.log 명령 행 아규먼트: -Dcatalina.base=C:\Users\hjsun\Desktop\LetsStudy\apache-tomcat-9.0.39
14-Nov-2020 23:08:03.933 INFO [main] org.apache.catalina.startup.VersionLoggerListener.log 명령 행 아규먼트: -Dcatalina.home=C:\Users\hjsun\Desktop\LetsStudy\apache-tomcat-9.0.39
14-Nov-2020 23:08:03.934 INFO [main] org.apache.catalina.startup.VersionLoggerListener.log 명령 행 아규먼트: -Djava.io.tmpdir=C:\Users\hjsun\Desktop\LetsStudy\apache-tomcat-9.0.39\temp
14-Nov-2020 23:08:03.938 INFO [main] org.apache.catalina.core.AprLifecycleListener.lifecycleEvent APR 버전 [1.7.0]을(를) 사용한, APR 기반 Apache Tomcat Native 라이브러리 [1.2.25]을(를) 로드했습니다.
14-Nov-2020 23:08:03.939 INFO [main] org.apache.catalina.core.AprLifecycleListener.lifecycleEvent APR 용량정보들: IPv6 [true], sendfile [true], accept filters [false], random [true].
14-Nov-2020 23:08:03.940 INFO [main] org.apache.catalina.core.AprLifecycleListener.lifecycleEvent APR/OpenSSL 설정: useAprConnector [false], useOpenSSL [true]
14-Nov-2020 23:08:03.946 INFO [main] org.apache.catalina.core.AprLifecycleListener.initializeSSL OpenSSL이 성공적으로 초기화되었습니다: [OpenSSL 1.1.1g  21 Apr 2020]
14-Nov-2020 23:08:04.159 INFO [main] org.apache.coyote.AbstractProtocol.init 프로토콜 핸들러 ["http-nio-8080"]을(를) 초기화합니다.
14-Nov-2020 23:08:04.302 INFO [main] org.apache.catalina.startup.Catalina.load [549] 밀리초 내에 서버가 초기화되었습니다.
14-Nov-2020 23:08:04.340 INFO [main] org.apache.catalina.core.StandardService.startInternal 서비스 [Catalina]을(를) 시작합니다.
14-Nov-2020 23:08:04.343 INFO [main] org.apache.catalina.core.StandardEngine.startInternal 서버 엔진을 시작합니다: [Apache Tomcat/9.0.39]
14-Nov-2020 23:08:04.350 INFO [main] org.apache.catalina.startup.HostConfig.deployDirectory 웹 애플리케이션 디렉토리 [C:\Users\hjsun\Desktop\LetsStudy\apache-tomcat-9.0.39\webapps\docs]을(를) 배치합니다.
14-Nov-2020 23:08:04.628 WARNING [main] org.apache.catalina.util.SessionIdGeneratorBase.createSecureRandom [SHA1PRNG] 알고리즘을 사용하여, 세션 ID를 생성하기 위한 SecureRandom 객체를 생성하는데, [103] 밀리초가 소요됐습니다.
14-Nov-2020 23:08:04.647 INFO [main] org.apache.catalina.startup.HostConfig.deployDirectory 웹 애플리케이션 디렉토리 [C:\Users\hjsun\Desktop\LetsStudy\apache-tomcat-9.0.39\webapps\docs]에 대한 배치가 [297] 밀리초에 완료되었습니다.
14-Nov-2020 23:08:04.650 INFO [main] org.apache.catalina.startup.HostConfig.deployDirectory 웹 애플리케이션 디렉토리 [C:\Users\hjsun\Desktop\LetsStudy\apache-tomcat-9.0.39\webapps\examples]을(를) 배치합니다.
14-Nov-2020 23:08:04.963 INFO [main] org.apache.catalina.startup.HostConfig.deployDirectory 웹 애플리케이션 디렉토리 [C:\Users\hjsun\Desktop\LetsStudy\apache-tomcat-9.0.39\webapps\examples]에 대한 배치가 [312] 밀리초에 완료되었습니다.
14-Nov-2020 23:08:04.965 INFO [main] org.apache.catalina.startup.HostConfig.deployDirectory 웹 애플리케이션 디렉토리 [C:\Users\hjsun\Desktop\LetsStudy\apache-tomcat-9.0.39\webapps\host-manager]을(를) 배치합니다.
14-Nov-2020 23:08:04.996 INFO [main] org.apache.catalina.startup.HostConfig.deployDirectory 웹 애플리케이션 디렉토리 [C:\Users\hjsun\Desktop\LetsStudy\apache-tomcat-9.0.39\webapps\host-manager]에 대한 배치가 [31] 밀리초에 완료되었습니다.
14-Nov-2020 23:08:04.998 INFO [main] org.apache.catalina.startup.HostConfig.deployDirectory 웹 애플리케이션 디렉토리 [C:\Users\hjsun\Desktop\LetsStudy\apache-tomcat-9.0.39\webapps\manager]을(를) 배치합니다.
14-Nov-2020 23:08:05.023 INFO [main] org.apache.catalina.startup.HostConfig.deployDirectory 웹 애플리케이션 디렉토리 [C:\Users\hjsun\Desktop\LetsStudy\apache-tomcat-9.0.39\webapps\manager]에 대한 배치가 [25] 밀리초에 완료되었습니다.
14-Nov-2020 23:08:05.025 INFO [main] org.apache.catalina.startup.HostConfig.deployDirectory 웹 애플리케이션 디렉토리 [C:\Users\hjsun\Desktop\LetsStudy\apache-tomcat-9.0.39\webapps\ROOT]을(를) 배치합니다.
14-Nov-2020 23:08:05.048 INFO [main] org.apache.catalina.startup.HostConfig.deployDirectory 웹 애플리케이션 디렉토리 [C:\Users\hjsun\Desktop\LetsStudy\apache-tomcat-9.0.39\webapps\ROOT]에 대한 배치가 [23] 밀리초에 완료되었습니다.
14-Nov-2020 23:08:05.049 INFO [main] org.apache.catalina.startup.HostConfig.deployDirectory 웹 애플리케이션 디렉토리 [C:\Users\hjsun\Desktop\LetsStudy\apache-tomcat-9.0.39\webapps\study]을(를) 배치합니다.
14-Nov-2020 23:08:05.331 WARNING [main] org.apache.catalina.startup.ContextConfig.validateSecurityRoles 보안 역할 이름 [webadmin]이(가), <security-role>에서 정의되지 않은 채로, <auth-constraint>에서 사용되었습니다.
14-Nov-2020 23:08:05.340 INFO [main] org.apache.jasper.servlet.TldScanner.scanJars 적어도 하나의 JAR가 TLD들을 찾기 위해 스캔되었으나 아무 것도 찾지 못했습니다. 스캔했으나 TLD가 없는 JAR들의 전체 목록을 보시려면, 로그 레벨을 디버그 레벨로 설정하십시오. 스캔 과정에서 불필요한 JAR들을 건너뛰면, 시스템 시작 시간과 JSP 컴파일 시간을 단축시킬 수 있습니다.
14-Nov-2020 23:08:05.345 INFO [main] org.apache.catalina.startup.HostConfig.deployDirectory 웹 애플리케이션 디렉토리 [C:\Users\hjsun\Desktop\LetsStudy\apache-tomcat-9.0.39\webapps\study]에 대한 배치가 [296] 밀리초에 완료되었습니다.
14-Nov-2020 23:08:05.350 INFO [main] org.apache.coyote.AbstractProtocol.start 프로토콜 핸들러 ["http-nio-8080"]을(를) 시작합니다.
14-Nov-2020 23:08:05.359 INFO [main] org.apache.catalina.startup.Catalina.start 서버가 [1055] 밀리초 내에 시작되었습니다.
14-Nov-2020 23:09:52.560 INFO [main] org.apache.catalina.startup.VersionLoggerListener.log 서버 버전 이름:        Apache Tomcat/9.0.39
14-Nov-2020 23:09:52.563 INFO [main] org.apache.catalina.startup.VersionLoggerListener.log Server 빌드 시각:          Oct 6 2020 14:11:46 UTC
14-Nov-2020 23:09:52.569 INFO [main] org.apache.catalina.startup.VersionLoggerListener.log Server 버전 번호:         9.0.39.0
14-Nov-2020 23:09:52.569 INFO [main] org.apache.catalina.startup.VersionLoggerListener.log 운영체제 이름:               Windows 10
14-Nov-2020 23:09:52.570 INFO [main] org.apache.catalina.startup.VersionLoggerListener.log 운영체제 버전:            10.0
14-Nov-2020 23:09:52.570 INFO [main] org.apache.catalina.startup.VersionLoggerListener.log 아키텍처:          amd64
14-Nov-2020 23:09:52.570 INFO [main] org.apache.catalina.startup.VersionLoggerListener.log 자바 홈:             C:\Program Files\Java\jdk-11.0.8
14-Nov-2020 23:09:52.570 INFO [main] org.apache.catalina.startup.VersionLoggerListener.log JVM 버전:           11.0.8+10-LTS
14-Nov-2020 23:09:52.571 INFO [main] org.apache.catalina.startup.VersionLoggerListener.log JVM 벤더:            Oracle Corporation
14-Nov-2020 23:09:52.571 INFO [main] org.apache.catalina.startup.VersionLoggerListener.log CATALINA_BASE:         C:\Users\hjsun\Desktop\LetsStudy\apache-tomcat-9.0.39
14-Nov-2020 23:09:52.571 INFO [main] org.apache.catalina.startup.VersionLoggerListener.log CATALINA_HOME:         C:\Users\hjsun\Desktop\LetsStudy\apache-tomcat-9.0.39
14-Nov-2020 23:09:52.573 INFO [main] org.apache.catalina.startup.VersionLoggerListener.log 명령 행 아규먼트: --add-opens=java.base/java.lang=ALL-UNNAMED
14-Nov-2020 23:09:52.573 INFO [main] org.apache.catalina.startup.VersionLoggerListener.log 명령 행 아규먼트: --add-opens=java.base/java.io=ALL-UNNAMED
14-Nov-2020 23:09:52.573 INFO [main] org.apache.catalina.startup.VersionLoggerListener.log 명령 행 아규먼트: --add-opens=java.rmi/sun.rmi.transport=ALL-UNNAMED
14-Nov-2020 23:09:52.574 INFO [main] org.apache.catalina.startup.VersionLoggerListener.log 명령 행 아규먼트: -Djava.util.logging.config.file=C:\Users\hjsun\Desktop\LetsStudy\apache-tomcat-9.0.39\conf\logging.properties
14-Nov-2020 23:09:52.574 INFO [main] org.apache.catalina.startup.VersionLoggerListener.log 명령 행 아규먼트: -Djava.util.logging.manager=org.apache.juli.ClassLoaderLogManager
14-Nov-2020 23:09:52.575 INFO [main] org.apache.catalina.startup.VersionLoggerListener.log 명령 행 아규먼트: -Djdk.tls.ephemeralDHKeySize=2048
14-Nov-2020 23:09:52.575 INFO [main] org.apache.catalina.startup.VersionLoggerListener.log 명령 행 아규먼트: -Djava.protocol.handler.pkgs=org.apache.catalina.webresources
14-Nov-2020 23:09:52.576 INFO [main] org.apache.catalina.startup.VersionLoggerListener.log 명령 행 아규먼트: -Dignore.endorsed.dirs=
14-Nov-2020 23:09:52.577 INFO [main] org.apache.catalina.startup.VersionLoggerListener.log 명령 행 아규먼트: -Dcatalina.base=C:\Users\hjsun\Desktop\LetsStudy\apache-tomcat-9.0.39
14-Nov-2020 23:09:52.577 INFO [main] org.apache.catalina.startup.VersionLoggerListener.log 명령 행 아규먼트: -Dcatalina.home=C:\Users\hjsun\Desktop\LetsStudy\apache-tomcat-9.0.39
14-Nov-2020 23:09:52.578 INFO [main] org.apache.catalina.startup.VersionLoggerListener.log 명령 행 아규먼트: -Djava.io.tmpdir=C:\Users\hjsun\Desktop\LetsStudy\apache-tomcat-9.0.39\temp
14-Nov-2020 23:09:52.581 INFO [main] org.apache.catalina.core.AprLifecycleListener.lifecycleEvent APR 버전 [1.7.0]을(를) 사용한, APR 기반 Apache Tomcat Native 라이브러리 [1.2.25]을(를) 로드했습니다.
14-Nov-2020 23:09:52.603 INFO [main] org.apache.catalina.core.AprLifecycleListener.lifecycleEvent APR 용량정보들: IPv6 [true], sendfile [true], accept filters [false], random [true].
14-Nov-2020 23:09:52.603 INFO [main] org.apache.catalina.core.AprLifecycleListener.lifecycleEvent APR/OpenSSL 설정: useAprConnector [false], useOpenSSL [true]
14-Nov-2020 23:09:52.609 INFO [main] org.apache.catalina.core.AprLifecycleListener.initializeSSL OpenSSL이 성공적으로 초기화되었습니다: [OpenSSL 1.1.1g  21 Apr 2020]
14-Nov-2020 23:09:52.818 INFO [main] org.apache.coyote.AbstractProtocol.init 프로토콜 핸들러 ["http-nio-8080"]을(를) 초기화합니다.
14-Nov-2020 23:09:52.958 INFO [main] org.apache.catalina.startup.Catalina.load [552] 밀리초 내에 서버가 초기화되었습니다.
14-Nov-2020 23:09:52.993 INFO [main] org.apache.catalina.core.StandardService.startInternal 서비스 [Catalina]을(를) 시작합니다.
14-Nov-2020 23:09:52.994 INFO [main] org.apache.catalina.core.StandardEngine.startInternal 서버 엔진을 시작합니다: [Apache Tomcat/9.0.39]
14-Nov-2020 23:09:53.004 INFO [main] org.apache.catalina.startup.HostConfig.deployDirectory 웹 애플리케이션 디렉토리 [C:\Users\hjsun\Desktop\LetsStudy\apache-tomcat-9.0.39\webapps\docs]을(를) 배치합니다.
14-Nov-2020 23:09:53.279 WARNING [main] org.apache.catalina.util.SessionIdGeneratorBase.createSecureRandom [SHA1PRNG] 알고리즘을 사용하여, 세션 ID를 생성하기 위한 SecureRandom 객체를 생성하는데, [104] 밀리초가 소요됐습니다.
14-Nov-2020 23:09:53.295 INFO [main] org.apache.catalina.startup.HostConfig.deployDirectory 웹 애플리케이션 디렉토리 [C:\Users\hjsun\Desktop\LetsStudy\apache-tomcat-9.0.39\webapps\docs]에 대한 배치가 [291] 밀리초에 완료되었습니다.
14-Nov-2020 23:09:53.296 INFO [main] org.apache.catalina.startup.HostConfig.deployDirectory 웹 애플리케이션 디렉토리 [C:\Users\hjsun\Desktop\LetsStudy\apache-tomcat-9.0.39\webapps\examples]을(를) 배치합니다.
14-Nov-2020 23:09:53.608 INFO [main] org.apache.catalina.startup.HostConfig.deployDirectory 웹 애플리케이션 디렉토리 [C:\Users\hjsun\Desktop\LetsStudy\apache-tomcat-9.0.39\webapps\examples]에 대한 배치가 [312] 밀리초에 완료되었습니다.
14-Nov-2020 23:09:53.608 INFO [main] org.apache.catalina.startup.HostConfig.deployDirectory 웹 애플리케이션 디렉토리 [C:\Users\hjsun\Desktop\LetsStudy\apache-tomcat-9.0.39\webapps\host-manager]을(를) 배치합니다.
14-Nov-2020 23:09:53.642 INFO [main] org.apache.catalina.startup.HostConfig.deployDirectory 웹 애플리케이션 디렉토리 [C:\Users\hjsun\Desktop\LetsStudy\apache-tomcat-9.0.39\webapps\host-manager]에 대한 배치가 [34] 밀리초에 완료되었습니다.
14-Nov-2020 23:09:53.643 INFO [main] org.apache.catalina.startup.HostConfig.deployDirectory 웹 애플리케이션 디렉토리 [C:\Users\hjsun\Desktop\LetsStudy\apache-tomcat-9.0.39\webapps\manager]을(를) 배치합니다.
14-Nov-2020 23:09:53.668 INFO [main] org.apache.catalina.startup.HostConfig.deployDirectory 웹 애플리케이션 디렉토리 [C:\Users\hjsun\Desktop\LetsStudy\apache-tomcat-9.0.39\webapps\manager]에 대한 배치가 [25] 밀리초에 완료되었습니다.
14-Nov-2020 23:09:53.669 INFO [main] org.apache.catalina.startup.HostConfig.deployDirectory 웹 애플리케이션 디렉토리 [C:\Users\hjsun\Desktop\LetsStudy\apache-tomcat-9.0.39\webapps\ROOT]을(를) 배치합니다.
14-Nov-2020 23:09:53.693 INFO [main] org.apache.catalina.startup.HostConfig.deployDirectory 웹 애플리케이션 디렉토리 [C:\Users\hjsun\Desktop\LetsStudy\apache-tomcat-9.0.39\webapps\ROOT]에 대한 배치가 [24] 밀리초에 완료되었습니다.
14-Nov-2020 23:09:53.696 INFO [main] org.apache.catalina.startup.HostConfig.deployDirectory 웹 애플리케이션 디렉토리 [C:\Users\hjsun\Desktop\LetsStudy\apache-tomcat-9.0.39\webapps\study]을(를) 배치합니다.
14-Nov-2020 23:09:53.981 WARNING [main] org.apache.catalina.startup.ContextConfig.validateSecurityRoles 보안 역할 이름 [webadmin]이(가), <security-role>에서 정의되지 않은 채로, <auth-constraint>에서 사용되었습니다.
14-Nov-2020 23:09:53.989 INFO [main] org.apache.jasper.servlet.TldScanner.scanJars 적어도 하나의 JAR가 TLD들을 찾기 위해 스캔되었으나 아무 것도 찾지 못했습니다. 스캔했으나 TLD가 없는 JAR들의 전체 목록을 보시려면, 로그 레벨을 디버그 레벨로 설정하십시오. 스캔 과정에서 불필요한 JAR들을 건너뛰면, 시스템 시작 시간과 JSP 컴파일 시간을 단축시킬 수 있습니다.
14-Nov-2020 23:09:53.992 INFO [main] org.apache.catalina.startup.HostConfig.deployDirectory 웹 애플리케이션 디렉토리 [C:\Users\hjsun\Desktop\LetsStudy\apache-tomcat-9.0.39\webapps\study]에 대한 배치가 [295] 밀리초에 완료되었습니다.
14-Nov-2020 23:09:53.995 INFO [main] org.apache.coyote.AbstractProtocol.start 프로토콜 핸들러 ["http-nio-8080"]을(를) 시작합니다.
14-Nov-2020 23:09:54.021 INFO [main] org.apache.catalina.startup.Catalina.start 서버가 [1063] 밀리초 내에 시작되었습니다.
14-Nov-2020 23:12:54.228 INFO [Catalina-utility-1] org.apache.catalina.startup.HostConfig.reload 컨텍스트 []을(를) 다시 로드합니다.
14-Nov-2020 23:12:54.229 INFO [Catalina-utility-1] org.apache.catalina.core.StandardContext.reload 이름이 []인 컨텍스트를 다시 로드하는 작업이 시작되었습니다.
14-Nov-2020 23:12:54.278 INFO [Catalina-utility-1] org.apache.catalina.core.StandardContext.reload 이름이 []인 컨텍스트를 다시 로드하는 것을 완료했습니다.
14-Nov-2020 23:12:54.279 INFO [Catalina-utility-1] org.apache.catalina.startup.HostConfig.reload 컨텍스트 [/study]을(를) 다시 로드합니다.
14-Nov-2020 23:12:54.284 INFO [Catalina-utility-1] org.apache.catalina.core.StandardContext.reload 이름이 [/study]인 컨텍스트를 다시 로드하는 작업이 시작되었습니다.
14-Nov-2020 23:12:54.557 WARNING [Catalina-utility-1] org.apache.catalina.startup.ContextConfig.validateSecurityRoles 보안 역할 이름 [webadmin]이(가), <security-role>에서 정의되지 않은 채로, <auth-constraint>에서 사용되었습니다.
14-Nov-2020 23:12:54.563 INFO [Catalina-utility-1] org.apache.jasper.servlet.TldScanner.scanJars 적어도 하나의 JAR가 TLD들을 찾기 위해 스캔되었으나 아무 것도 찾지 못했습니다. 스캔했으나 TLD가 없는 JAR들의 전체 목록을 보시려면, 로그 레벨을 디버그 레벨로 설정하십시오. 스캔 과정에서 불필요한 JAR들을 건너뛰면, 시스템 시작 시간과 JSP 컴파일 시간을 단축시킬 수 있습니다.
14-Nov-2020 23:12:54.568 INFO [Catalina-utility-1] org.apache.catalina.core.StandardContext.reload 이름이 [/study]인 컨텍스트를 다시 로드하는 것을 완료했습니다.
14-Nov-2020 23:12:54.569 INFO [Catalina-utility-1] org.apache.catalina.startup.HostConfig.reload 컨텍스트 [/examples]을(를) 다시 로드합니다.
14-Nov-2020 23:12:54.569 INFO [Catalina-utility-1] org.apache.catalina.core.StandardContext.reload 이름이 [/examples]인 컨텍스트를 다시 로드하는 작업이 시작되었습니다.
14-Nov-2020 23:12:54.832 INFO [Catalina-utility-1] org.apache.catalina.core.StandardContext.reload 이름이 [/examples]인 컨텍스트를 다시 로드하는 것을 완료했습니다.
14-Nov-2020 23:12:54.832 INFO [Catalina-utility-1] org.apache.catalina.startup.HostConfig.reload 컨텍스트 [/host-manager]을(를) 다시 로드합니다.
14-Nov-2020 23:12:54.837 INFO [Catalina-utility-1] org.apache.catalina.core.StandardContext.reload 이름이 [/host-manager]인 컨텍스트를 다시 로드하는 작업이 시작되었습니다.
14-Nov-2020 23:12:54.862 INFO [Catalina-utility-1] org.apache.catalina.core.StandardContext.reload 이름이 [/host-manager]인 컨텍스트를 다시 로드하는 것을 완료했습니다.
14-Nov-2020 23:12:54.866 INFO [Catalina-utility-1] org.apache.catalina.startup.HostConfig.reload 컨텍스트 [/manager]을(를) 다시 로드합니다.
14-Nov-2020 23:12:54.867 INFO [Catalina-utility-1] org.apache.catalina.core.StandardContext.reload 이름이 [/manager]인 컨텍스트를 다시 로드하는 작업이 시작되었습니다.
14-Nov-2020 23:12:54.893 INFO [Catalina-utility-1] org.apache.catalina.core.StandardContext.reload 이름이 [/manager]인 컨텍스트를 다시 로드하는 것을 완료했습니다.
14-Nov-2020 23:12:54.898 INFO [Catalina-utility-1] org.apache.catalina.startup.HostConfig.reload 컨텍스트 [/docs]을(를) 다시 로드합니다.
14-Nov-2020 23:12:54.898 INFO [Catalina-utility-1] org.apache.catalina.core.StandardContext.reload 이름이 [/docs]인 컨텍스트를 다시 로드하는 작업이 시작되었습니다.
14-Nov-2020 23:12:54.919 INFO [Catalina-utility-1] org.apache.catalina.core.StandardContext.reload 이름이 [/docs]인 컨텍스트를 다시 로드하는 것을 완료했습니다.
14-Nov-2020 23:12:58.585 INFO [Thread-3] org.apache.coyote.AbstractProtocol.pause 프로토콜 핸들러 ["http-nio-8080"]을(를) 일시 정지 중
14-Nov-2020 23:12:58.680 INFO [Thread-3] org.apache.catalina.core.StandardService.stopInternal 서비스 [Catalina]을(를) 중지시킵니다.
14-Nov-2020 23:12:58.702 INFO [Thread-3] org.apache.coyote.AbstractProtocol.stop 프로토콜 핸들러 ["http-nio-8080"]을(를) 중지시킵니다.
14-Nov-2020 23:12:58.728 INFO [Thread-3] org.apache.coyote.AbstractProtocol.destroy 프로토콜 핸들러 ["http-nio-8080"]을(를) 소멸시킵니다.
14-Nov-2020 23:13:01.069 INFO [main] org.apache.catalina.startup.VersionLoggerListener.log 서버 버전 이름:        Apache Tomcat/9.0.39
14-Nov-2020 23:13:01.072 INFO [main] org.apache.catalina.startup.VersionLoggerListener.log Server 빌드 시각:          Oct 6 2020 14:11:46 UTC
14-Nov-2020 23:13:01.074 INFO [main] org.apache.catalina.startup.VersionLoggerListener.log Server 버전 번호:         9.0.39.0
14-Nov-2020 23:13:01.074 INFO [main] org.apache.catalina.startup.VersionLoggerListener.log 운영체제 이름:               Windows 10
14-Nov-2020 23:13:01.074 INFO [main] org.apache.catalina.startup.VersionLoggerListener.log 운영체제 버전:            10.0
14-Nov-2020 23:13:01.074 INFO [main] org.apache.catalina.startup.VersionLoggerListener.log 아키텍처:          amd64
14-Nov-2020 23:13:01.074 INFO [main] org.apache.catalina.startup.VersionLoggerListener.log 자바 홈:             C:\Program Files\Java\jdk-11.0.8
14-Nov-2020 23:13:01.075 INFO [main] org.apache.catalina.startup.VersionLoggerListener.log JVM 버전:           11.0.8+10-LTS
14-Nov-2020 23:13:01.075 INFO [main] org.apache.catalina.startup.VersionLoggerListener.log JVM 벤더:            Oracle Corporation
14-Nov-2020 23:13:01.075 INFO [main] org.apache.catalina.startup.VersionLoggerListener.log CATALINA_BASE:         C:\Users\hjsun\Desktop\LetsStudy\apache-tomcat-9.0.39
14-Nov-2020 23:13:01.075 INFO [main] org.apache.catalina.startup.VersionLoggerListener.log CATALINA_HOME:         C:\Users\hjsun\Desktop\LetsStudy\apache-tomcat-9.0.39
14-Nov-2020 23:13:01.082 INFO [main] org.apache.catalina.startup.VersionLoggerListener.log 명령 행 아규먼트: --add-opens=java.base/java.lang=ALL-UNNAMED
14-Nov-2020 23:13:01.082 INFO [main] org.apache.catalina.startup.VersionLoggerListener.log 명령 행 아규먼트: --add-opens=java.base/java.io=ALL-UNNAMED
14-Nov-2020 23:13:01.082 INFO [main] org.apache.catalina.startup.VersionLoggerListener.log 명령 행 아규먼트: --add-opens=java.rmi/sun.rmi.transport=ALL-UNNAMED
14-Nov-2020 23:13:01.082 INFO [main] org.apache.catalina.startup.VersionLoggerListener.log 명령 행 아규먼트: -Djava.util.logging.config.file=C:\Users\hjsun\Desktop\LetsStudy\apache-tomcat-9.0.39\conf\logging.properties
14-Nov-2020 23:13:01.083 INFO [main] org.apache.catalina.startup.VersionLoggerListener.log 명령 행 아규먼트: -Djava.util.logging.manager=org.apache.juli.ClassLoaderLogManager
14-Nov-2020 23:13:01.084 INFO [main] org.apache.catalina.startup.VersionLoggerListener.log 명령 행 아규먼트: -Djdk.tls.ephemeralDHKeySize=2048
14-Nov-2020 23:13:01.085 INFO [main] org.apache.catalina.startup.VersionLoggerListener.log 명령 행 아규먼트: -Djava.protocol.handler.pkgs=org.apache.catalina.webresources
14-Nov-2020 23:13:01.085 INFO [main] org.apache.catalina.startup.VersionLoggerListener.log 명령 행 아규먼트: -Dignore.endorsed.dirs=
14-Nov-2020 23:13:01.086 INFO [main] org.apache.catalina.startup.VersionLoggerListener.log 명령 행 아규먼트: -Dcatalina.base=C:\Users\hjsun\Desktop\LetsStudy\apache-tomcat-9.0.39
14-Nov-2020 23:13:01.087 INFO [main] org.apache.catalina.startup.VersionLoggerListener.log 명령 행 아규먼트: -Dcatalina.home=C:\Users\hjsun\Desktop\LetsStudy\apache-tomcat-9.0.39
14-Nov-2020 23:13:01.087 INFO [main] org.apache.catalina.startup.VersionLoggerListener.log 명령 행 아규먼트: -Djava.io.tmpdir=C:\Users\hjsun\Desktop\LetsStudy\apache-tomcat-9.0.39\temp
14-Nov-2020 23:13:01.091 INFO [main] org.apache.catalina.core.AprLifecycleListener.lifecycleEvent APR 버전 [1.7.0]을(를) 사용한, APR 기반 Apache Tomcat Native 라이브러리 [1.2.25]을(를) 로드했습니다.
14-Nov-2020 23:13:01.091 INFO [main] org.apache.catalina.core.AprLifecycleListener.lifecycleEvent APR 용량정보들: IPv6 [true], sendfile [true], accept filters [false], random [true].
14-Nov-2020 23:13:01.092 INFO [main] org.apache.catalina.core.AprLifecycleListener.lifecycleEvent APR/OpenSSL 설정: useAprConnector [false], useOpenSSL [true]
14-Nov-2020 23:13:01.097 INFO [main] org.apache.catalina.core.AprLifecycleListener.initializeSSL OpenSSL이 성공적으로 초기화되었습니다: [OpenSSL 1.1.1g  21 Apr 2020]
14-Nov-2020 23:13:01.332 INFO [main] org.apache.coyote.AbstractProtocol.init 프로토콜 핸들러 ["http-nio-8080"]을(를) 초기화합니다.
14-Nov-2020 23:13:01.477 INFO [main] org.apache.catalina.startup.Catalina.load [559] 밀리초 내에 서버가 초기화되었습니다.
14-Nov-2020 23:13:01.514 INFO [main] org.apache.catalina.core.StandardService.startInternal 서비스 [Catalina]을(를) 시작합니다.
14-Nov-2020 23:13:01.515 INFO [main] org.apache.catalina.core.StandardEngine.startInternal 서버 엔진을 시작합니다: [Apache Tomcat/9.0.39]
14-Nov-2020 23:13:01.522 INFO [main] org.apache.catalina.startup.HostConfig.deployDirectory 웹 애플리케이션 디렉토리 [C:\Users\hjsun\Desktop\LetsStudy\apache-tomcat-9.0.39\webapps\docs]을(를) 배치합니다.
14-Nov-2020 23:13:01.793 WARNING [main] org.apache.catalina.util.SessionIdGeneratorBase.createSecureRandom [SHA1PRNG] 알고리즘을 사용하여, 세션 ID를 생성하기 위한 SecureRandom 객체를 생성하는데, [103] 밀리초가 소요됐습니다.
14-Nov-2020 23:13:01.810 INFO [main] org.apache.catalina.startup.HostConfig.deployDirectory 웹 애플리케이션 디렉토리 [C:\Users\hjsun\Desktop\LetsStudy\apache-tomcat-9.0.39\webapps\docs]에 대한 배치가 [288] 밀리초에 완료되었습니다.
14-Nov-2020 23:13:01.810 INFO [main] org.apache.catalina.startup.HostConfig.deployDirectory 웹 애플리케이션 디렉토리 [C:\Users\hjsun\Desktop\LetsStudy\apache-tomcat-9.0.39\webapps\examples]을(를) 배치합니다.
14-Nov-2020 23:13:02.133 INFO [main] org.apache.catalina.startup.HostConfig.deployDirectory 웹 애플리케이션 디렉토리 [C:\Users\hjsun\Desktop\LetsStudy\apache-tomcat-9.0.39\webapps\examples]에 대한 배치가 [322] 밀리초에 완료되었습니다.
14-Nov-2020 23:13:02.133 INFO [main] org.apache.catalina.startup.HostConfig.deployDirectory 웹 애플리케이션 디렉토리 [C:\Users\hjsun\Desktop\LetsStudy\apache-tomcat-9.0.39\webapps\host-manager]을(를) 배치합니다.
14-Nov-2020 23:13:02.168 INFO [main] org.apache.catalina.startup.HostConfig.deployDirectory 웹 애플리케이션 디렉토리 [C:\Users\hjsun\Desktop\LetsStudy\apache-tomcat-9.0.39\webapps\host-manager]에 대한 배치가 [35] 밀리초에 완료되었습니다.
14-Nov-2020 23:13:02.169 INFO [main] org.apache.catalina.startup.HostConfig.deployDirectory 웹 애플리케이션 디렉토리 [C:\Users\hjsun\Desktop\LetsStudy\apache-tomcat-9.0.39\webapps\manager]을(를) 배치합니다.
14-Nov-2020 23:13:02.199 INFO [main] org.apache.catalina.startup.HostConfig.deployDirectory 웹 애플리케이션 디렉토리 [C:\Users\hjsun\Desktop\LetsStudy\apache-tomcat-9.0.39\webapps\manager]에 대한 배치가 [29] 밀리초에 완료되었습니다.
14-Nov-2020 23:13:02.199 INFO [main] org.apache.catalina.startup.HostConfig.deployDirectory 웹 애플리케이션 디렉토리 [C:\Users\hjsun\Desktop\LetsStudy\apache-tomcat-9.0.39\webapps\ROOT]을(를) 배치합니다.
14-Nov-2020 23:13:02.220 INFO [main] org.apache.catalina.startup.HostConfig.deployDirectory 웹 애플리케이션 디렉토리 [C:\Users\hjsun\Desktop\LetsStudy\apache-tomcat-9.0.39\webapps\ROOT]에 대한 배치가 [21] 밀리초에 완료되었습니다.
14-Nov-2020 23:13:02.221 INFO [main] org.apache.catalina.startup.HostConfig.deployDirectory 웹 애플리케이션 디렉토리 [C:\Users\hjsun\Desktop\LetsStudy\apache-tomcat-9.0.39\webapps\study]을(를) 배치합니다.
14-Nov-2020 23:13:02.508 WARNING [main] org.apache.catalina.startup.ContextConfig.validateSecurityRoles 보안 역할 이름 [webadmin]이(가), <security-role>에서 정의되지 않은 채로, <auth-constraint>에서 사용되었습니다.
14-Nov-2020 23:13:02.517 INFO [main] org.apache.jasper.servlet.TldScanner.scanJars 적어도 하나의 JAR가 TLD들을 찾기 위해 스캔되었으나 아무 것도 찾지 못했습니다. 스캔했으나 TLD가 없는 JAR들의 전체 목록을 보시려면, 로그 레벨을 디버그 레벨로 설정하십시오. 스캔 과정에서 불필요한 JAR들을 건너뛰면, 시스템 시작 시간과 JSP 컴파일 시간을 단축시킬 수 있습니다.
14-Nov-2020 23:13:02.520 INFO [main] org.apache.catalina.startup.HostConfig.deployDirectory 웹 애플리케이션 디렉토리 [C:\Users\hjsun\Desktop\LetsStudy\apache-tomcat-9.0.39\webapps\study]에 대한 배치가 [300] 밀리초에 완료되었습니다.
14-Nov-2020 23:13:02.523 INFO [main] org.apache.coyote.AbstractProtocol.start 프로토콜 핸들러 ["http-nio-8080"]을(를) 시작합니다.
14-Nov-2020 23:13:02.538 INFO [main] org.apache.catalina.startup.Catalina.start 서버가 [1060] 밀리초 내에 시작되었습니다.
