23-Nov-2020 16:22:49.351 INFO [main] org.apache.catalina.startup.VersionLoggerListener.log 서버 버전 이름:        Apache Tomcat/9.0.39
23-Nov-2020 16:22:49.355 INFO [main] org.apache.catalina.startup.VersionLoggerListener.log Server 빌드 시각:          Oct 6 2020 14:11:46 UTC
23-Nov-2020 16:22:49.358 INFO [main] org.apache.catalina.startup.VersionLoggerListener.log Server 버전 번호:         9.0.39.0
23-Nov-2020 16:22:49.359 INFO [main] org.apache.catalina.startup.VersionLoggerListener.log 운영체제 이름:               Windows 10
23-Nov-2020 16:22:49.359 INFO [main] org.apache.catalina.startup.VersionLoggerListener.log 운영체제 버전:            10.0
23-Nov-2020 16:22:49.359 INFO [main] org.apache.catalina.startup.VersionLoggerListener.log 아키텍처:          amd64
23-Nov-2020 16:22:49.359 INFO [main] org.apache.catalina.startup.VersionLoggerListener.log 자바 홈:             C:\Program Files\Java\jdk-11.0.8
23-Nov-2020 16:22:49.359 INFO [main] org.apache.catalina.startup.VersionLoggerListener.log JVM 버전:           11.0.8+10-LTS
23-Nov-2020 16:22:49.360 INFO [main] org.apache.catalina.startup.VersionLoggerListener.log JVM 벤더:            Oracle Corporation
23-Nov-2020 16:22:49.360 INFO [main] org.apache.catalina.startup.VersionLoggerListener.log CATALINA_BASE:         C:\Users\hjsun\Desktop\LetsStudy\apache-tomcat-9.0.39
23-Nov-2020 16:22:49.360 INFO [main] org.apache.catalina.startup.VersionLoggerListener.log CATALINA_HOME:         C:\Users\hjsun\Desktop\LetsStudy\apache-tomcat-9.0.39
23-Nov-2020 16:22:49.365 INFO [main] org.apache.catalina.startup.VersionLoggerListener.log 명령 행 아규먼트: --add-opens=java.base/java.lang=ALL-UNNAMED
23-Nov-2020 16:22:49.365 INFO [main] org.apache.catalina.startup.VersionLoggerListener.log 명령 행 아규먼트: --add-opens=java.base/java.io=ALL-UNNAMED
23-Nov-2020 16:22:49.366 INFO [main] org.apache.catalina.startup.VersionLoggerListener.log 명령 행 아규먼트: --add-opens=java.rmi/sun.rmi.transport=ALL-UNNAMED
23-Nov-2020 16:22:49.366 INFO [main] org.apache.catalina.startup.VersionLoggerListener.log 명령 행 아규먼트: -Djava.util.logging.config.file=C:\Users\hjsun\Desktop\LetsStudy\apache-tomcat-9.0.39\conf\logging.properties
23-Nov-2020 16:22:49.366 INFO [main] org.apache.catalina.startup.VersionLoggerListener.log 명령 행 아규먼트: -Djava.util.logging.manager=org.apache.juli.ClassLoaderLogManager
23-Nov-2020 16:22:49.367 INFO [main] org.apache.catalina.startup.VersionLoggerListener.log 명령 행 아규먼트: -Djdk.tls.ephemeralDHKeySize=2048
23-Nov-2020 16:22:49.368 INFO [main] org.apache.catalina.startup.VersionLoggerListener.log 명령 행 아규먼트: -Djava.protocol.handler.pkgs=org.apache.catalina.webresources
23-Nov-2020 16:22:49.368 INFO [main] org.apache.catalina.startup.VersionLoggerListener.log 명령 행 아규먼트: -Dignore.endorsed.dirs=
23-Nov-2020 16:22:49.369 INFO [main] org.apache.catalina.startup.VersionLoggerListener.log 명령 행 아규먼트: -Dcatalina.base=C:\Users\hjsun\Desktop\LetsStudy\apache-tomcat-9.0.39
23-Nov-2020 16:22:49.370 INFO [main] org.apache.catalina.startup.VersionLoggerListener.log 명령 행 아규먼트: -Dcatalina.home=C:\Users\hjsun\Desktop\LetsStudy\apache-tomcat-9.0.39
23-Nov-2020 16:22:49.370 INFO [main] org.apache.catalina.startup.VersionLoggerListener.log 명령 행 아규먼트: -Djava.io.tmpdir=C:\Users\hjsun\Desktop\LetsStudy\apache-tomcat-9.0.39\temp
23-Nov-2020 16:22:49.377 INFO [main] org.apache.catalina.core.AprLifecycleListener.lifecycleEvent APR 버전 [1.7.0]을(를) 사용한, APR 기반 Apache Tomcat Native 라이브러리 [1.2.25]을(를) 로드했습니다.
23-Nov-2020 16:22:49.396 INFO [main] org.apache.catalina.core.AprLifecycleListener.lifecycleEvent APR 용량정보들: IPv6 [true], sendfile [true], accept filters [false], random [true].
23-Nov-2020 16:22:49.397 INFO [main] org.apache.catalina.core.AprLifecycleListener.lifecycleEvent APR/OpenSSL 설정: useAprConnector [false], useOpenSSL [true]
23-Nov-2020 16:22:49.408 INFO [main] org.apache.catalina.core.AprLifecycleListener.initializeSSL OpenSSL이 성공적으로 초기화되었습니다: [OpenSSL 1.1.1g  21 Apr 2020]
23-Nov-2020 16:22:49.625 INFO [main] org.apache.coyote.AbstractProtocol.init 프로토콜 핸들러 ["http-nio-8080"]을(를) 초기화합니다.
23-Nov-2020 16:22:49.767 INFO [main] org.apache.catalina.startup.Catalina.load [579] 밀리초 내에 서버가 초기화되었습니다.
23-Nov-2020 16:22:49.802 INFO [main] org.apache.catalina.core.StandardService.startInternal 서비스 [Catalina]을(를) 시작합니다.
23-Nov-2020 16:22:49.802 INFO [main] org.apache.catalina.core.StandardEngine.startInternal 서버 엔진을 시작합니다: [Apache Tomcat/9.0.39]
23-Nov-2020 16:22:49.813 INFO [main] org.apache.catalina.startup.HostConfig.deployDirectory 웹 애플리케이션 디렉토리 [C:\Users\hjsun\Desktop\LetsStudy\apache-tomcat-9.0.39\webapps\docs]을(를) 배치합니다.
23-Nov-2020 16:22:50.095 WARNING [main] org.apache.catalina.util.SessionIdGeneratorBase.createSecureRandom [SHA1PRNG] 알고리즘을 사용하여, 세션 ID를 생성하기 위한 SecureRandom 객체를 생성하는데, [107] 밀리초가 소요됐습니다.
23-Nov-2020 16:22:50.114 INFO [main] org.apache.catalina.startup.HostConfig.deployDirectory 웹 애플리케이션 디렉토리 [C:\Users\hjsun\Desktop\LetsStudy\apache-tomcat-9.0.39\webapps\docs]에 대한 배치가 [301] 밀리초에 완료되었습니다.
23-Nov-2020 16:22:50.114 INFO [main] org.apache.catalina.startup.HostConfig.deployDirectory 웹 애플리케이션 디렉토리 [C:\Users\hjsun\Desktop\LetsStudy\apache-tomcat-9.0.39\webapps\examples]을(를) 배치합니다.
23-Nov-2020 16:22:50.443 INFO [main] org.apache.catalina.startup.HostConfig.deployDirectory 웹 애플리케이션 디렉토리 [C:\Users\hjsun\Desktop\LetsStudy\apache-tomcat-9.0.39\webapps\examples]에 대한 배치가 [329] 밀리초에 완료되었습니다.
23-Nov-2020 16:22:50.443 INFO [main] org.apache.catalina.startup.HostConfig.deployDirectory 웹 애플리케이션 디렉토리 [C:\Users\hjsun\Desktop\LetsStudy\apache-tomcat-9.0.39\webapps\host-manager]을(를) 배치합니다.
23-Nov-2020 16:22:50.478 INFO [main] org.apache.catalina.startup.HostConfig.deployDirectory 웹 애플리케이션 디렉토리 [C:\Users\hjsun\Desktop\LetsStudy\apache-tomcat-9.0.39\webapps\host-manager]에 대한 배치가 [35] 밀리초에 완료되었습니다.
23-Nov-2020 16:22:50.479 INFO [main] org.apache.catalina.startup.HostConfig.deployDirectory 웹 애플리케이션 디렉토리 [C:\Users\hjsun\Desktop\LetsStudy\apache-tomcat-9.0.39\webapps\manager]을(를) 배치합니다.
23-Nov-2020 16:22:50.508 INFO [main] org.apache.catalina.startup.HostConfig.deployDirectory 웹 애플리케이션 디렉토리 [C:\Users\hjsun\Desktop\LetsStudy\apache-tomcat-9.0.39\webapps\manager]에 대한 배치가 [29] 밀리초에 완료되었습니다.
23-Nov-2020 16:22:50.508 INFO [main] org.apache.catalina.startup.HostConfig.deployDirectory 웹 애플리케이션 디렉토리 [C:\Users\hjsun\Desktop\LetsStudy\apache-tomcat-9.0.39\webapps\ROOT]을(를) 배치합니다.
23-Nov-2020 16:22:50.531 INFO [main] org.apache.catalina.startup.HostConfig.deployDirectory 웹 애플리케이션 디렉토리 [C:\Users\hjsun\Desktop\LetsStudy\apache-tomcat-9.0.39\webapps\ROOT]에 대한 배치가 [23] 밀리초에 완료되었습니다.
23-Nov-2020 16:22:50.531 INFO [main] org.apache.catalina.startup.HostConfig.deployDirectory 웹 애플리케이션 디렉토리 [C:\Users\hjsun\Desktop\LetsStudy\apache-tomcat-9.0.39\webapps\study]을(를) 배치합니다.
23-Nov-2020 16:22:50.823 WARNING [main] org.apache.catalina.startup.ContextConfig.validateSecurityRoles 보안 역할 이름 [webadmin]이(가), <security-role>에서 정의되지 않은 채로, <auth-constraint>에서 사용되었습니다.
23-Nov-2020 16:22:50.832 INFO [main] org.apache.jasper.servlet.TldScanner.scanJars 적어도 하나의 JAR가 TLD들을 찾기 위해 스캔되었으나 아무 것도 찾지 못했습니다. 스캔했으나 TLD가 없는 JAR들의 전체 목록을 보시려면, 로그 레벨을 디버그 레벨로 설정하십시오. 스캔 과정에서 불필요한 JAR들을 건너뛰면, 시스템 시작 시간과 JSP 컴파일 시간을 단축시킬 수 있습니다.
23-Nov-2020 16:22:50.836 INFO [main] org.apache.catalina.startup.HostConfig.deployDirectory 웹 애플리케이션 디렉토리 [C:\Users\hjsun\Desktop\LetsStudy\apache-tomcat-9.0.39\webapps\study]에 대한 배치가 [305] 밀리초에 완료되었습니다.
23-Nov-2020 16:22:50.840 INFO [main] org.apache.coyote.AbstractProtocol.start 프로토콜 핸들러 ["http-nio-8080"]을(를) 시작합니다.
23-Nov-2020 16:22:50.861 INFO [main] org.apache.catalina.startup.Catalina.start 서버가 [1092] 밀리초 내에 시작되었습니다.
