14-Nov-2020 23:01:46.173 INFO [main] org.apache.catalina.core.ApplicationContext.log ContextListener: contextInitialized()
14-Nov-2020 23:01:46.173 INFO [main] org.apache.catalina.core.ApplicationContext.log SessionListener: contextInitialized()
14-Nov-2020 23:01:46.175 INFO [main] org.apache.catalina.core.ApplicationContext.log ContextListener: attributeAdded('StockTicker', 'async.Stockticker@57a4d5ee')
14-Nov-2020 23:01:58.559 INFO [Thread-3] org.apache.catalina.core.ApplicationContext.log SessionListener: contextDestroyed()
14-Nov-2020 23:01:58.560 INFO [Thread-3] org.apache.catalina.core.ApplicationContext.log ContextListener: contextDestroyed()
14-Nov-2020 23:08:04.955 INFO [main] org.apache.catalina.core.ApplicationContext.log ContextListener: contextInitialized()
14-Nov-2020 23:08:04.955 INFO [main] org.apache.catalina.core.ApplicationContext.log SessionListener: contextInitialized()
14-Nov-2020 23:08:04.957 INFO [main] org.apache.catalina.core.ApplicationContext.log ContextListener: attributeAdded('StockTicker', 'async.Stockticker@3a45c42a')
14-Nov-2020 23:09:53.601 INFO [main] org.apache.catalina.core.ApplicationContext.log ContextListener: contextInitialized()
14-Nov-2020 23:09:53.601 INFO [main] org.apache.catalina.core.ApplicationContext.log SessionListener: contextInitialized()
14-Nov-2020 23:09:53.603 INFO [main] org.apache.catalina.core.ApplicationContext.log ContextListener: attributeAdded('StockTicker', 'async.Stockticker@33aa93c')
14-Nov-2020 23:12:54.575 INFO [Catalina-utility-1] org.apache.catalina.core.ApplicationContext.log SessionListener: contextDestroyed()
14-Nov-2020 23:12:54.575 INFO [Catalina-utility-1] org.apache.catalina.core.ApplicationContext.log ContextListener: contextDestroyed()
14-Nov-2020 23:12:54.826 INFO [Catalina-utility-1] org.apache.catalina.core.ApplicationContext.log ContextListener: contextInitialized()
14-Nov-2020 23:12:54.826 INFO [Catalina-utility-1] org.apache.catalina.core.ApplicationContext.log SessionListener: contextInitialized()
14-Nov-2020 23:12:54.827 INFO [Catalina-utility-1] org.apache.catalina.core.ApplicationContext.log ContextListener: attributeAdded('StockTicker', 'async.Stockticker@48a03781')
14-Nov-2020 23:12:58.696 INFO [Thread-3] org.apache.catalina.core.ApplicationContext.log SessionListener: contextDestroyed()
14-Nov-2020 23:12:58.696 INFO [Thread-3] org.apache.catalina.core.ApplicationContext.log ContextListener: contextDestroyed()
14-Nov-2020 23:13:02.126 INFO [main] org.apache.catalina.core.ApplicationContext.log ContextListener: contextInitialized()
14-Nov-2020 23:13:02.126 INFO [main] org.apache.catalina.core.ApplicationContext.log SessionListener: contextInitialized()
14-Nov-2020 23:13:02.127 INFO [main] org.apache.catalina.core.ApplicationContext.log ContextListener: attributeAdded('StockTicker', 'async.Stockticker@33d05366')
